生成启动时间为 2016/8/16 21:45:25。
     1>项目“D:\opencvWorkspace\testCascade\testCascade\testCascade.vcxproj”在节点 2 上(Build 个目标)。
     1>ClCompile:
         E:\Microsoft Visual Studio 11.0\VC\bin\CL.exe /c /ZI /nologo /W3 /WX- /sdl /Od /Oy- /D WIN32 /D _DEBUG /D _CONSOLE /D _UNICODE /D UNICODE /Gm /EHsc /RTC1 /MDd /GS /fp:precise /Zc:wchar_t /Zc:forScope /Fo"Debug\\" /Fd"Debug\vc110.pdb" /Gd /TP /analyze- /errorReport:prompt  /D _CRT_SECURE_NO_WARNINGS mUtils.cpp
         mUtils.cpp
       Link:
         E:\Microsoft Visual Studio 11.0\VC\bin\link.exe /ERRORREPORT:PROMPT /OUT:"D:\opencvWorkspace\testCascade\Debug\testCascade.exe" /INCREMENTAL /NOLOGO opencv_calib3d248d.lib opencv_contrib248d.lib opencv_core248d.lib opencv_features2d248d.lib opencv_flann248d.lib opencv_gpu248d.lib opencv_highgui248d.lib opencv_imgproc248d.lib opencv_legacy248d.lib opencv_ml248d.lib opencv_nonfree248d.lib opencv_objdetect248d.lib opencv_ocl248d.lib opencv_photo248d.lib opencv_stitching248d.lib opencv_superres248d.lib opencv_video248d.lib opencv_videostab248d.lib kernel32.lib user32.lib gdi32.lib winspool.lib comdlg32.lib advapi32.lib shell32.lib ole32.lib oleaut32.lib uuid.lib odbc32.lib odbccp32.lib /MANIFEST /MANIFESTUAC:"level='asInvoker' uiAccess='false'" /manifest:embed /DEBUG /PDB:"D:\opencvWorkspace\testCascade\Debug\testCascade.pdb" /SUBSYSTEM:CONSOLE /TLBID:1 /DYNAMICBASE /NXCOMPAT /IMPLIB:"D:\opencvWorkspace\testCascade\Debug\testCascade.lib" /MACHINE:X86 Debug\mUtils.obj
         Debug\Main.obj
     1>Main.obj : error LNK2019: 无法解析的外部符号 "void __cdecl countPoint(class cv::Mat,class cv::Point_<int> *,int &,int)" (?countPoint@@YAXVMat@cv@@PAV?$Point_@H@2@AAHH@Z)，该符号在函数 _main 中被引用
     1>Main.obj : error LNK2019: 无法解析的外部符号 "int __cdecl diss(class cv::Point_<int>,class cv::Point_<int>)" (?diss@@YAHV?$Point_@H@cv@@0@Z)，该符号在函数 __catch$_main$0 中被引用
     1>D:\opencvWorkspace\testCascade\Debug\testCascade.exe : fatal error LNK1120: 2 个无法解析的外部命令
     1>已完成生成项目“D:\opencvWorkspace\testCascade\testCascade\testCascade.vcxproj”(Build 个目标)的操作 - 失败。

生成失败。

已用时间 00:00:03.93
